[debug] [2025-12-21T07:34:22.129Z] Object "" in "firebase.json" has unknown property: {"additionalProperty":"flutter"}
[error] Failed to fetch Firebase Project from Studio Workspace because WORKSPACE_SLUG environment variable is empty
[debug] [2025-12-21T07:34:22.134Z] Object "" in "firebase.json" has unknown property: {"additionalProperty":"flutter"}
[error] Failed to fetch Firebase Project from Studio Workspace because WORKSPACE_SLUG environment variable is empty
[debug] [2025-12-21T07:34:22.135Z] Object "" in "firebase.json" has unknown property: {"additionalProperty":"flutter"}
[error] Failed to fetch Firebase Project from Studio Workspace because WORKSPACE_SLUG environment variable is empty
[debug] [2025-12-21T07:34:22.136Z] Object "" in "firebase.json" has unknown property: {"additionalProperty":"flutter"}
[error] Failed to fetch Firebase Project from Studio Workspace because WORKSPACE_SLUG environment variable is empty
[debug] [2025-12-21T07:34:22.136Z] > command requires scopes: ["email","openid","https://www.googleapis.com/auth/cloudplatformprojects.readonly","https://www.googleapis.com/auth/firebase","https://www.googleapis.com/auth/cloud-platform","https://www.googleapis.com/auth/userinfo.email"]
[debug] [2025-12-21T07:34:22.137Z] > authorizing via signed-in user (steve@libertyapps.co.uk)
[debug] [2025-12-21T07:34:22.137Z] Object "" in "firebase.json" has unknown property: {"additionalProperty":"flutter"}
[debug] [2025-12-21T07:34:22.154Z] > command requires scopes: ["email","openid","https://www.googleapis.com/auth/cloudplatformprojects.readonly","https://www.googleapis.com/auth/firebase","https://www.googleapis.com/auth/cloud-platform","https://www.googleapis.com/auth/userinfo.email"]
[debug] [2025-12-21T07:34:22.154Z] > authorizing via signed-in user (steve@libertyapps.co.uk)
[debug] [2025-12-21T07:34:22.154Z] Object "" in "firebase.json" has unknown property: {"additionalProperty":"flutter"}
[debug] [2025-12-21T07:34:22.237Z] Checked if tokens are valid: false, expires at: 1765780002902
[debug] [2025-12-21T07:34:22.237Z] Checked if tokens are valid: false, expires at: 1765780002902
[debug] [2025-12-21T07:34:22.237Z] > refreshing access token with scopes: []
[debug] [2025-12-21T07:34:22.239Z] >>> [apiv2][query] POST https://www.googleapis.com/oauth2/v3/token [none]
[debug] [2025-12-21T07:34:22.239Z] >>> [apiv2][body] POST https://www.googleapis.com/oauth2/v3/token [omitted]
[debug] [2025-12-21T07:34:22.259Z] Checked if tokens are valid: false, expires at: 1765780002902
[debug] [2025-12-21T07:34:22.259Z] Checked if tokens are valid: false, expires at: 1765780002902
[debug] [2025-12-21T07:34:22.259Z] > refreshing access token with scopes: []
[debug] [2025-12-21T07:34:22.259Z] >>> [apiv2][query] POST https://www.googleapis.com/oauth2/v3/token [none]
[debug] [2025-12-21T07:34:22.259Z] >>> [apiv2][body] POST https://www.googleapis.com/oauth2/v3/token [omitted]
[debug] [2025-12-21T07:34:22.300Z] <<< [apiv2][status] POST https://www.googleapis.com/oauth2/v3/token 400
[debug] [2025-12-21T07:34:22.300Z] <<< [apiv2][body] POST https://www.googleapis.com/oauth2/v3/token [omitted]
[error] Authentication Error: Your credentials are no longer valid. Please run firebase login --reauth

For CI servers and headless environments, generate a new token with firebase login:ci
[error] Authentication Error: Your credentials are no longer valid. Please run firebase login --reauth

For CI servers and headless environments, generate a new token with firebase login:ci
[debug] [2025-12-21T07:34:22.301Z] <<< [apiv2][status] POST https://www.googleapis.com/oauth2/v3/token 400
[debug] [2025-12-21T07:34:22.301Z] <<< [apiv2][body] POST https://www.googleapis.com/oauth2/v3/token [omitted]
[error] Authentication Error: Your credentials are no longer valid. Please run firebase login --reauth

For CI servers and headless environments, generate a new token with firebase login:ci
[error] Authentication Error: Your credentials are no longer valid. Please run firebase login --reauth

For CI servers and headless environments, generate a new token with firebase login:ci
[debug] [2025-12-21T07:34:22.302Z] Object "" in "firebase.json" has unknown property: {"additionalProperty":"flutter"}
[error] Failed to fetch Firebase Project from Studio Workspace because WORKSPACE_SLUG environment variable is empty
[debug] [2025-12-21T07:34:22.302Z] Object "" in "firebase.json" has unknown property: {"additionalProperty":"flutter"}
[error] Failed to fetch Firebase Project from Studio Workspace because WORKSPACE_SLUG environment variable is empty
[debug] [2025-12-21T07:34:22.303Z] Object "" in "firebase.json" has unknown property: {"additionalProperty":"flutter"}
[error] Failed to fetch Firebase Project from Studio Workspace because WORKSPACE_SLUG environment variable is empty
[debug] [2025-12-21T07:34:22.303Z] > command requires scopes: ["email","openid","https://www.googleapis.com/auth/cloudplatformprojects.readonly","https://www.googleapis.com/auth/firebase","https://www.googleapis.com/auth/cloud-platform","https://www.googleapis.com/auth/userinfo.email"]
[debug] [2025-12-21T07:34:22.303Z] > authorizing via signed-in user (steve@libertyapps.co.uk)
[debug] [2025-12-21T07:34:22.303Z] Object "" in "firebase.json" has unknown property: {"additionalProperty":"flutter"}
[debug] [2025-12-21T07:34:22.304Z] Object "" in "firebase.json" has unknown property: {"additionalProperty":"flutter"}
[error] Failed to fetch Firebase Project from Studio Workspace because WORKSPACE_SLUG environment variable is empty
[debug] [2025-12-21T07:34:22.304Z] > command requires scopes: ["email","openid","https://www.googleapis.com/auth/cloudplatformprojects.readonly","https://www.googleapis.com/auth/firebase","https://www.googleapis.com/auth/cloud-platform","https://www.googleapis.com/auth/userinfo.email"]
[debug] [2025-12-21T07:34:22.304Z] > authorizing via signed-in user (steve@libertyapps.co.uk)
[debug] [2025-12-21T07:34:22.310Z] Object "" in "firebase.json" has unknown property: {"additionalProperty":"flutter"}
[error] Failed to fetch Firebase Project from Studio Workspace because WORKSPACE_SLUG environment variable is empty
[debug] [2025-12-21T07:34:22.310Z] Object "" in "firebase.json" has unknown property: {"additionalProperty":"flutter"}
[error] Failed to fetch Firebase Project from Studio Workspace because WORKSPACE_SLUG environment variable is empty
[debug] [2025-12-21T07:34:22.311Z] Object "" in "firebase.json" has unknown property: {"additionalProperty":"flutter"}
[error] Failed to fetch Firebase Project from Studio Workspace because WORKSPACE_SLUG environment variable is empty
[debug] [2025-12-21T07:34:22.311Z] > command requires scopes: ["email","openid","https://www.googleapis.com/auth/cloudplatformprojects.readonly","https://www.googleapis.com/auth/firebase","https://www.googleapis.com/auth/cloud-platform","https://www.googleapis.com/auth/userinfo.email"]
[debug] [2025-12-21T07:34:22.311Z] > authorizing via signed-in user (steve@libertyapps.co.uk)
[debug] [2025-12-21T07:34:22.311Z] Object "" in "firebase.json" has unknown property: {"additionalProperty":"flutter"}
[debug] [2025-12-21T07:34:22.311Z] Object "" in "firebase.json" has unknown property: {"additionalProperty":"flutter"}
[error] Failed to fetch Firebase Project from Studio Workspace because WORKSPACE_SLUG environment variable is empty
[debug] [2025-12-21T07:34:22.312Z] > command requires scopes: ["email","openid","https://www.googleapis.com/auth/cloudplatformprojects.readonly","https://www.googleapis.com/auth/firebase","https://www.googleapis.com/auth/cloud-platform","https://www.googleapis.com/auth/userinfo.email"]
[debug] [2025-12-21T07:34:22.312Z] > authorizing via signed-in user (steve@libertyapps.co.uk)
[debug] [2025-12-21T07:34:22.313Z] Object "" in "firebase.json" has unknown property: {"additionalProperty":"flutter"}
[error] Failed to fetch Firebase Project from Studio Workspace because WORKSPACE_SLUG environment variable is empty
[debug] [2025-12-21T07:34:22.313Z] Object "" in "firebase.json" has unknown property: {"additionalProperty":"flutter"}
[error] Failed to fetch Firebase Project from Studio Workspace because WORKSPACE_SLUG environment variable is empty
[debug] [2025-12-21T07:34:22.314Z] Object "" in "firebase.json" has unknown property: {"additionalProperty":"flutter"}
[error] Failed to fetch Firebase Project from Studio Workspace because WORKSPACE_SLUG environment variable is empty
[debug] [2025-12-21T07:34:22.314Z] > command requires scopes: ["email","openid","https://www.googleapis.com/auth/cloudplatformprojects.readonly","https://www.googleapis.com/auth/firebase","https://www.googleapis.com/auth/cloud-platform","https://www.googleapis.com/auth/userinfo.email"]
[debug] [2025-12-21T07:34:22.314Z] > authorizing via signed-in user (steve@libertyapps.co.uk)
[debug] [2025-12-21T07:34:22.314Z] Object "" in "firebase.json" has unknown property: {"additionalProperty":"flutter"}
[debug] [2025-12-21T07:34:22.315Z] Object "" in "firebase.json" has unknown property: {"additionalProperty":"flutter"}
[error] Failed to fetch Firebase Project from Studio Workspace because WORKSPACE_SLUG environment variable is empty
[debug] [2025-12-21T07:34:22.315Z] > command requires scopes: ["email","openid","https://www.googleapis.com/auth/cloudplatformprojects.readonly","https://www.googleapis.com/auth/firebase","https://www.googleapis.com/auth/cloud-platform","https://www.googleapis.com/auth/userinfo.email"]
[debug] [2025-12-21T07:34:22.315Z] > authorizing via signed-in user (steve@libertyapps.co.uk)
[debug] [2025-12-21T07:34:39.980Z] Object "" in "firebase.json" has unknown property: {"additionalProperty":"flutter"}
[error] Failed to fetch Firebase Project from Studio Workspace because WORKSPACE_SLUG environment variable is empty
[debug] [2025-12-21T07:34:39.982Z] Object "" in "firebase.json" has unknown property: {"additionalProperty":"flutter"}
[error] Failed to fetch Firebase Project from Studio Workspace because WORKSPACE_SLUG environment variable is empty
[debug] [2025-12-21T07:34:39.982Z] Object "" in "firebase.json" has unknown property: {"additionalProperty":"flutter"}
[error] Failed to fetch Firebase Project from Studio Workspace because WORKSPACE_SLUG environment variable is empty
[debug] [2025-12-21T07:34:39.982Z] > command requires scopes: ["email","openid","https://www.googleapis.com/auth/cloudplatformprojects.readonly","https://www.googleapis.com/auth/firebase","https://www.googleapis.com/auth/cloud-platform","https://www.googleapis.com/auth/userinfo.email"]
[debug] [2025-12-21T07:34:39.983Z] > authorizing via signed-in user (steve@libertyapps.co.uk)
[debug] [2025-12-21T07:34:39.983Z] Object "" in "firebase.json" has unknown property: {"additionalProperty":"flutter"}
[debug] [2025-12-21T07:34:39.983Z] Object "" in "firebase.json" has unknown property: {"additionalProperty":"flutter"}
[error] Failed to fetch Firebase Project from Studio Workspace because WORKSPACE_SLUG environment variable is empty
[debug] [2025-12-21T07:34:39.984Z] > command requires scopes: ["email","openid","https://www.googleapis.com/auth/cloudplatformprojects.readonly","https://www.googleapis.com/auth/firebase","https://www.googleapis.com/auth/cloud-platform","https://www.googleapis.com/auth/userinfo.email"]
[debug] [2025-12-21T07:34:39.984Z] > authorizing via signed-in user (steve@libertyapps.co.uk)
[debug] [2025-12-21T07:34:39.990Z] Object "" in "firebase.json" has unknown property: {"additionalProperty":"flutter"}
[error] Failed to fetch Firebase Project from Studio Workspace because WORKSPACE_SLUG environment variable is empty
[debug] [2025-12-21T07:34:39.991Z] Object "" in "firebase.json" has unknown property: {"additionalProperty":"flutter"}
[error] Failed to fetch Firebase Project from Studio Workspace because WORKSPACE_SLUG environment variable is empty
[debug] [2025-12-21T07:34:39.991Z] Object "" in "firebase.json" has unknown property: {"additionalProperty":"flutter"}
[error] Failed to fetch Firebase Project from Studio Workspace because WORKSPACE_SLUG environment variable is empty
[debug] [2025-12-21T07:34:39.992Z] > command requires scopes: ["email","openid","https://www.googleapis.com/auth/cloudplatformprojects.readonly","https://www.googleapis.com/auth/firebase","https://www.googleapis.com/auth/cloud-platform","https://www.googleapis.com/auth/userinfo.email"]
[debug] [2025-12-21T07:34:39.992Z] > authorizing via signed-in user (steve@libertyapps.co.uk)
[debug] [2025-12-21T07:34:39.992Z] Object "" in "firebase.json" has unknown property: {"additionalProperty":"flutter"}
[debug] [2025-12-21T07:34:39.992Z] Object "" in "firebase.json" has unknown property: {"additionalProperty":"flutter"}
[error] Failed to fetch Firebase Project from Studio Workspace because WORKSPACE_SLUG environment variable is empty
[debug] [2025-12-21T07:34:39.993Z] > command requires scopes: ["email","openid","https://www.googleapis.com/auth/cloudplatformprojects.readonly","https://www.googleapis.com/auth/firebase","https://www.googleapis.com/auth/cloud-platform","https://www.googleapis.com/auth/userinfo.email"]
[debug] [2025-12-21T07:34:39.993Z] > authorizing via signed-in user (steve@libertyapps.co.uk)
[debug] [2025-12-21T07:34:39.994Z] Object "" in "firebase.json" has unknown property: {"additionalProperty":"flutter"}
[error] Failed to fetch Firebase Project from Studio Workspace because WORKSPACE_SLUG environment variable is empty
[debug] [2025-12-21T07:34:39.995Z] Object "" in "firebase.json" has unknown property: {"additionalProperty":"flutter"}
[error] Failed to fetch Firebase Project from Studio Workspace because WORKSPACE_SLUG environment variable is empty
[debug] [2025-12-21T07:34:39.995Z] Object "" in "firebase.json" has unknown property: {"additionalProperty":"flutter"}
[error] Failed to fetch Firebase Project from Studio Workspace because WORKSPACE_SLUG environment variable is empty
[debug] [2025-12-21T07:34:39.995Z] > command requires scopes: ["email","openid","https://www.googleapis.com/auth/cloudplatformprojects.readonly","https://www.googleapis.com/auth/firebase","https://www.googleapis.com/auth/cloud-platform","https://www.googleapis.com/auth/userinfo.email"]
[debug] [2025-12-21T07:34:39.996Z] > authorizing via signed-in user (steve@libertyapps.co.uk)
[debug] [2025-12-21T07:34:39.996Z] Object "" in "firebase.json" has unknown property: {"additionalProperty":"flutter"}
[debug] [2025-12-21T07:34:39.996Z] Object "" in "firebase.json" has unknown property: {"additionalProperty":"flutter"}
[error] Failed to fetch Firebase Project from Studio Workspace because WORKSPACE_SLUG environment variable is empty
[debug] [2025-12-21T07:34:39.996Z] > command requires scopes: ["email","openid","https://www.googleapis.com/auth/cloudplatformprojects.readonly","https://www.googleapis.com/auth/firebase","https://www.googleapis.com/auth/cloud-platform","https://www.googleapis.com/auth/userinfo.email"]
[debug] [2025-12-21T07:34:39.996Z] > authorizing via signed-in user (steve@libertyapps.co.uk)
